<?xml version="1.0" encoding="UTF-8"?>
<!-- Generated by org.testng.reporters.JUnitReportReporter -->
<testsuite hostname="IRENEs-MacBook-Pro.local" failures="0" tests="1" name="restAssured.Exercise1" time="1.333" errors="0" timestamp="2022-03-30T11:15:31 CST" skipped="0">
  <testcase classname="restAssured.Exercise1" name="searchRepo" time="1.333"/>
  <system-out/>
</testsuite> <!-- restAssured.Exercise1 -->
