<?xml version="1.0" encoding="UTF-8"?>
<!-- Generated by org.testng.reporters.JUnitReportReporter -->
<testsuite hostname="IRENEs-MacBook-Pro.local" failures="0" tests="1" name="restAssured.Excercise2" time="1.498" errors="0" timestamp="2022-03-30T11:49:18 CST" skipped="0">
  <testcase classname="restAssured.Excercise2" name="deleteUser" time="1.498"/>
  <system-out/>
</testsuite> <!-- restAssured.Excercise2 -->
